# JRE version: OpenJDK Runtime Environment Temurin-21.0.10+7 (21.0.10+7) (build 21.0.10+7-LTS)
# Java VM: OpenJDK 64-Bit Server VM Temurin-21.0.10+7 (21.0.10+7-LTS, mixed mode, sharing, tiered, compressed oops, compressed class ptrs, parallel gc, windows-amd64)
GC Precious Log:
 CardTable entry size: 512
 CPUs: 4 total, 4 available
 Memory: 3751M
 Large Page Support: Disabled
 NUMA Support: Disabled
 Compressed Oops: Enabled (32-bit)
 Alignments: Space 512K, Generation 512K, Heap 2M
 Heap Min Capacity: 100M
 Heap Initial Capacity: 100M
 Heap Max Capacity: 2G
 Pre-touch: Disabled
 Parallel Workers: 4
Heap:
 PSYoungGen      total 20480K, used 12568K [0x00000000d5580000, 0x00000000d7380000, 0x0000000100000000)
  eden space 17408K, 54% used [0x00000000d5580000,0x00000000d5ecaf60,0x00000000d6680000)
  from space 3072K, 99% used [0x00000000d6680000,0x00000000d697b240,0x00000000d6980000)
  to   space 6656K, 0% used [0x00000000d6d00000,0x00000000d6d00000,0x00000000d7380000)
 ParOldGen       total 604160K, used 247112K [0x0000000080000000, 0x00000000a4e00000, 0x00000000d5580000)
  object space 604160K, 40% used [0x0000000080000000,0x000000008f152240,0x00000000a4e00000)
 Metaspace       used 83951K, committed 85888K, reserved 1179648K
  class space    used 8479K, committed 9408K, reserved 1048576K
GC Heap History (20 events):
Event: 1376.826 GC heap before
{Heap before GC invocations=1255 (full 5):
 PSYoungGen      total 21504K, used 21206K [0x00000000d5580000, 0x00000000d7080000, 0x0000000100000000)
  eden space 19968K, 99% used [0x00000000d5580000,0x00000000d68eb600,0x00000000d6900000)
  from space 1536K, 85% used [0x00000000d6900000,0x00000000d6a4a2c0,0x00000000d6a80000)
  to   space 3584K, 0% used [0x00000000d6d00000,0x00000000d6d00000,0x00000000d7080000)
 ParOldGen       total 604160K, used 237785K [0x0000000080000000, 0x00000000a4e00000, 0x00000000d5580000)
  object space 604160K, 39% used [0x0000000080000000,0x000000008e836740,0x00000000a4e00000)
 Metaspace       used 83903K, committed 85824K, reserved 1179648K
  class space    used 8479K, committed 9408K, reserved 1048576K
}
Event: 1376.836 GC heap after
{Heap after GC invocations=1255 (full 5):
 PSYoungGen      total 21504K, used 3564K [0x00000000d5580000, 0x00000000d7500000, 0x0000000100000000)
  eden space 17920K, 0% used [0x00000000d5580000,0x00000000d5580000,0x00000000d6700000)
  from space 3584K, 99% used [0x00000000d6d00000,0x00000000d707b280,0x00000000d7080000)
  to   space 6144K, 0% used [0x00000000d6700000,0x00000000d6700000,0x00000000d6d00000)
 ParOldGen       total 604160K, used 239530K [0x0000000080000000, 0x00000000a4e00000, 0x00000000d5580000)
  object space 604160K, 39% used [0x0000000080000000,0x000000008e9eab00,0x00000000a4e00000)
 Metaspace       used 83903K, committed 85824K, reserved 1179648K
  class space    used 8479K, committed 9408K, reserved 1048576K
}
Event: 1376.964 GC heap before
{Heap before GC invocations=1256 (full 5):
 PSYoungGen      total 21504K, used 21115K [0x00000000d5580000, 0x00000000d7500000, 0x0000000100000000)
  eden space 17920K, 97% used [0x00000000d5580000,0x00000000d66a3c38,0x00000000d6700000)
  from space 3584K, 99% used [0x00000000d6d00000,0x00000000d707b280,0x00000000d7080000)
  to   space 6144K, 0% used [0x00000000d6700000,0x00000000d6700000,0x00000000d6d00000)
 ParOldGen       total 604160K, used 239530K [0x0000000080000000, 0x00000000a4e00000, 0x00000000d5580000)
  object space 604160K, 39% used [0x0000000080000000,0x000000008e9eab00,0x00000000a4e00000)
 Metaspace       used 83915K, committed 85824K, reserved 1179648K
  class space    used 8479K, committed 9408K, reserved 1048576K
}
Event: 1376.970 GC heap after
{Heap after GC invocations=1256 (full 5):
 PSYoungGen      total 19456K, used 1419K [0x00000000d5580000, 0x00000000d6d80000, 0x0000000100000000)
  eden space 17920K, 0% used [0x00000000d5580000,0x00000000d5580000,0x00000000d6700000)
  from space 1536K, 92% used [0x00000000d6700000,0x00000000d6862fb0,0x00000000d6880000)
  to   space 3072K, 0% used [0x00000000d6a80000,0x00000000d6a80000,0x00000000d6d80000)
 ParOldGen       total 604160K, used 239969K [0x0000000080000000, 0x00000000a4e00000, 0x00000000d5580000)
  object space 604160K, 39% used [0x0000000080000000,0x000000008ea584e8,0x00000000a4e00000)
 Metaspace       used 83915K, committed 85824K, reserved 1179648K
  class space    used 8479K, committed 9408K, reserved 1048576K
}
Event: 1377.058 GC heap before
{Heap before GC invocations=1257 (full 5):
 PSYoungGen      total 19456K, used 19339K [0x00000000d5580000, 0x00000000d6d80000, 0x0000000100000000)
  eden space 17920K, 100% used [0x00000000d5580000,0x00000000d6700000,0x00000000d6700000)
  from space 1536K, 92% used [0x00000000d6700000,0x00000000d6862fb0,0x00000000d6880000)
  to   space 3072K, 0% used [0x00000000d6a80000,0x00000000d6a80000,0x00000000d6d80000)
 ParOldGen       total 604160K, used 239969K [0x0000000080000000, 0x00000000a4e00000, 0x00000000d5580000)
  object space 604160K, 39% used [0x0000000080000000,0x000000008ea584e8,0x00000000a4e00000)
 Metaspace       used 83916K, committed 85824K, reserved 1179648K
  class space    used 8479K, committed 9408K, reserved 1048576K
}
Event: 1377.066 GC heap after
{Heap after GC invocations=1257 (full 5):
 PSYoungGen      total 18432K, used 287K [0x00000000d5580000, 0x00000000d6b00000, 0x0000000100000000)
  eden space 17920K, 0% used [0x00000000d5580000,0x00000000d5580000,0x00000000d6700000)
  from space 512K, 56% used [0x00000000d6a80000,0x00000000d6ac7fc0,0x00000000d6b00000)
  to   space 1024K, 0% used [0x00000000d6900000,0x00000000d6900000,0x00000000d6a00000)
 ParOldGen       total 604160K, used 240627K [0x0000000080000000, 0x00000000a4e00000, 0x00000000d5580000)
  object space 604160K, 39% used [0x0000000080000000,0x000000008eafce18,0x00000000a4e00000)
 Metaspace       used 83916K, committed 85824K, reserved 1179648K
  class space    used 8479K, committed 9408K, reserved 1048576K
}
Event: 1377.678 GC heap before
{Heap before GC invocations=1258 (full 5):
 PSYoungGen      total 18432K, used 18207K [0x00000000d5580000, 0x00000000d6b00000, 0x0000000100000000)
  eden space 17920K, 100% used [0x00000000d5580000,0x00000000d6700000,0x00000000d6700000)
  from space 512K, 56% used [0x00000000d6a80000,0x00000000d6ac7fc0,0x00000000d6b00000)
  to   space 1024K, 0% used [0x00000000d6900000,0x00000000d6900000,0x00000000d6a00000)
 ParOldGen       total 604160K, used 240627K [0x0000000080000000, 0x00000000a4e00000, 0x00000000d5580000)
  object space 604160K, 39% used [0x0000000080000000,0x000000008eafce18,0x00000000a4e00000)
 Metaspace       used 83922K, committed 85824K, reserved 1179648K
  class space    used 8479K, committed 9408K, reserved 1048576K
}
Event: 1377.681 GC heap after
{Heap after GC invocations=1258 (full 5):
 PSYoungGen      total 18944K, used 800K [0x00000000d5580000, 0x00000000d6b00000, 0x0000000100000000)
  eden space 17920K, 0% used [0x00000000d5580000,0x00000000d5580000,0x00000000d6700000)
  from space 1024K, 78% used [0x00000000d6900000,0x00000000d69c8000,0x00000000d6a00000)
  to   space 1024K, 0% used [0x00000000d6a00000,0x00000000d6a00000,0x00000000d6b00000)
 ParOldGen       total 604160K, used 240774K [0x0000000080000000, 0x00000000a4e00000, 0x00000000d5580000)
  object space 604160K, 39% used [0x0000000080000000,0x000000008eb21990,0x00000000a4e00000)
 Metaspace       used 83922K, committed 85824K, reserved 1179648K
  class space    used 8479K, committed 9408K, reserved 1048576K
}
Event: 1378.635 GC heap before
{Heap before GC invocations=1259 (full 5):
 PSYoungGen      total 18944K, used 18720K [0x00000000d5580000, 0x00000000d6b00000, 0x0000000100000000)
  eden space 17920K, 100% used [0x00000000d5580000,0x00000000d6700000,0x00000000d6700000)
  from space 1024K, 78% used [0x00000000d6900000,0x00000000d69c8000,0x00000000d6a00000)
  to   space 1024K, 0% used [0x00000000d6a00000,0x00000000d6a00000,0x00000000d6b00000)
 ParOldGen       total 604160K, used 240774K [0x0000000080000000, 0x00000000a4e00000, 0x00000000d5580000)
  object space 604160K, 39% used [0x0000000080000000,0x000000008eb21990,0x00000000a4e00000)
 Metaspace       used 83922K, committed 85824K, reserved 1179648K
  class space    used 8479K, committed 9408K, reserved 1048576K
}
Event: 1378.641 GC heap after
{Heap after GC invocations=1259 (full 5):
 PSYoungGen      total 18944K, used 608K [0x00000000d5580000, 0x00000000d6b00000, 0x0000000100000000)
  eden space 17920K, 0% used [0x00000000d5580000,0x00000000d5580000,0x00000000d6700000)
  from space 1024K, 59% used [0x00000000d6a00000,0x00000000d6a98000,0x00000000d6b00000)
  to   space 1024K, 0% used [0x00000000d6900000,0x00000000d6900000,0x00000000d6a00000)
 ParOldGen       total 604160K, used 241422K [0x0000000080000000, 0x00000000a4e00000, 0x00000000d5580000)
  object space 604160K, 39% used [0x0000000080000000,0x000000008ebc3990,0x00000000a4e00000)
 Metaspace       used 83922K, committed 85824K, reserved 1179648K
  class space    used 8479K, committed 9408K, reserved 1048576K
}
Event: 1379.396 GC heap before
{Heap before GC invocations=1260 (full 5):
 PSYoungGen      total 18944K, used 18528K [0x00000000d5580000, 0x00000000d6b00000, 0x0000000100000000)
  eden space 17920K, 100% used [0x00000000d5580000,0x00000000d6700000,0x00000000d6700000)
  from space 1024K, 59% used [0x00000000d6a00000,0x00000000d6a98000,0x00000000d6b00000)
  to   space 1024K, 0% used [0x00000000d6900000,0x00000000d6900000,0x00000000d6a00000)
 ParOldGen       total 604160K, used 241422K [0x0000000080000000, 0x00000000a4e00000, 0x00000000d5580000)
  object space 604160K, 39% used [0x0000000080000000,0x000000008ebc3990,0x00000000a4e00000)
 Metaspace       used 83922K, committed 85824K, reserved 1179648K
  class space    used 8479K, committed 9408K, reserved 1048576K
}
Event: 1379.404 GC heap after
{Heap after GC invocations=1260 (full 5):
 PSYoungGen      total 18944K, used 576K [0x00000000d5580000, 0x00000000d6a80000, 0x0000000100000000)
  eden space 17920K, 0% used [0x00000000d5580000,0x00000000d5580000,0x00000000d6700000)
  from space 1024K, 56% used [0x00000000d6900000,0x00000000d6990000,0x00000000d6a00000)
  to   space 512K, 0% used [0x00000000d6a00000,0x00000000d6a00000,0x00000000d6a80000)
 ParOldGen       total 604160K, used 241985K [0x0000000080000000, 0x00000000a4e00000, 0x00000000d5580000)
  object space 604160K, 40% used [0x0000000080000000,0x000000008ec50500,0x00000000a4e00000)
 Metaspace       used 83922K, committed 85824K, reserved 1179648K
  class space    used 8479K, committed 9408K, reserved 1048576K
}
Event: 1380.173 GC heap before
{Heap before GC invocations=1261 (full 5):
 PSYoungGen      total 18944K, used 18496K [0x00000000d5580000, 0x00000000d6a80000, 0x0000000100000000)
  eden space 17920K, 100% used [0x00000000d5580000,0x00000000d6700000,0x00000000d6700000)
  from space 1024K, 56% used [0x00000000d6900000,0x00000000d6990000,0x00000000d6a00000)
  to   space 512K, 0% used [0x00000000d6a00000,0x00000000d6a00000,0x00000000d6a80000)
 ParOldGen       total 604160K, used 241985K [0x0000000080000000, 0x00000000a4e00000, 0x00000000d5580000)
  object space 604160K, 40% used [0x0000000080000000,0x000000008ec50500,0x00000000a4e00000)
 Metaspace       used 83922K, committed 85824K, reserved 1179648K
  class space    used 8479K, committed 9408K, reserved 1048576K
}
Event: 1380.179 GC heap after
{Heap after GC invocations=1261 (full 5):
 PSYoungGen      total 18432K, used 512K [0x00000000d5580000, 0x00000000d6a80000, 0x0000000100000000)
  eden space 17920K, 0% used [0x00000000d5580000,0x00000000d5580000,0x00000000d6700000)
  from space 512K, 100% used [0x00000000d6a00000,0x00000000d6a80000,0x00000000d6a80000)
  to   space 1536K, 0% used [0x00000000d6780000,0x00000000d6780000,0x00000000d6900000)
 ParOldGen       total 604160K, used 242609K [0x0000000080000000, 0x00000000a4e00000, 0x00000000d5580000)
  object space 604160K, 40% used [0x0000000080000000,0x000000008ecec500,0x00000000a4e00000)
 Metaspace       used 83922K, committed 85824K, reserved 1179648K
  class space    used 8479K, committed 9408K, reserved 1048576K
}
Event: 1380.895 GC heap before
{Heap before GC invocations=1262 (full 5):
 PSYoungGen      total 18432K, used 18432K [0x00000000d5580000, 0x00000000d6a80000, 0x0000000100000000)
  eden space 17920K, 100% used [0x00000000d5580000,0x00000000d6700000,0x00000000d6700000)
  from space 512K, 100% used [0x00000000d6a00000,0x00000000d6a80000,0x00000000d6a80000)
  to   space 1536K, 0% used [0x00000000d6780000,0x00000000d6780000,0x00000000d6900000)
 ParOldGen       total 604160K, used 242609K [0x0000000080000000, 0x00000000a4e00000, 0x00000000d5580000)
  object space 604160K, 40% used [0x0000000080000000,0x000000008ecec500,0x00000000a4e00000)
 Metaspace       used 83922K, committed 85824K, reserved 1179648K
  class space    used 8479K, committed 9408K, reserved 1048576K
}
Event: 1380.902 GC heap after
{Heap after GC invocations=1262 (full 5):
 PSYoungGen      total 19456K, used 704K [0x00000000d5580000, 0x00000000d6a80000, 0x0000000100000000)
  eden space 17920K, 0% used [0x00000000d5580000,0x00000000d5580000,0x00000000d6700000)
  from space 1536K, 45% used [0x00000000d6780000,0x00000000d6830000,0x00000000d6900000)
  to   space 1024K, 0% used [0x00000000d6980000,0x00000000d6980000,0x00000000d6a80000)
 ParOldGen       total 604160K, used 243137K [0x0000000080000000, 0x00000000a4e00000, 0x00000000d5580000)
  object space 604160K, 40% used [0x0000000080000000,0x000000008ed70500,0x00000000a4e00000)
 Metaspace       used 83922K, committed 85824K, reserved 1179648K
  class space    used 8479K, committed 9408K, reserved 1048576K
}
Event: 1383.957 GC heap before
{Heap before GC invocations=1263 (full 5):
 PSYoungGen      total 19456K, used 18624K [0x00000000d5580000, 0x00000000d6a80000, 0x0000000100000000)
  eden space 17920K, 100% used [0x00000000d5580000,0x00000000d6700000,0x00000000d6700000)
  from space 1536K, 45% used [0x00000000d6780000,0x00000000d6830000,0x00000000d6900000)
  to   space 1024K, 0% used [0x00000000d6980000,0x00000000d6980000,0x00000000d6a80000)
 ParOldGen       total 604160K, used 243137K [0x0000000080000000, 0x00000000a4e00000, 0x00000000d5580000)
  object space 604160K, 40% used [0x0000000080000000,0x000000008ed70500,0x00000000a4e00000)
 Metaspace       used 83927K, committed 85824K, reserved 1179648K
  class space    used 8479K, committed 9408K, reserved 1048576K
}
Event: 1383.977 GC heap after
{Heap after GC invocations=1263 (full 5):
 PSYoungGen      total 18432K, used 1023K [0x00000000d5580000, 0x00000000d6d00000, 0x0000000100000000)
  eden space 17408K, 0% used [0x00000000d5580000,0x00000000d5580000,0x00000000d6680000)
  from space 1024K, 99% used [0x00000000d6980000,0x00000000d6a7ffb0,0x00000000d6a80000)
  to   space 3072K, 0% used [0x00000000d6680000,0x00000000d6680000,0x00000000d6980000)
 ParOldGen       total 604160K, used 244434K [0x0000000080000000, 0x00000000a4e00000, 0x00000000d5580000)
  object space 604160K, 40% used [0x0000000080000000,0x000000008eeb49b0,0x00000000a4e00000)
 Metaspace       used 83927K, committed 85824K, reserved 1179648K
  class space    used 8479K, committed 9408K, reserved 1048576K
}
Event: 1384.478 GC heap before
{Heap before GC invocations=1264 (full 5):
 PSYoungGen      total 18432K, used 18431K [0x00000000d5580000, 0x00000000d6d00000, 0x0000000100000000)
  eden space 17408K, 100% used [0x00000000d5580000,0x00000000d6680000,0x00000000d6680000)
  from space 1024K, 99% used [0x00000000d6980000,0x00000000d6a7ffb0,0x00000000d6a80000)
  to   space 3072K, 0% used [0x00000000d6680000,0x00000000d6680000,0x00000000d6980000)
 ParOldGen       total 604160K, used 244434K [0x0000000080000000, 0x00000000a4e00000, 0x00000000d5580000)
  object space 604160K, 40% used [0x0000000080000000,0x000000008eeb49b0,0x00000000a4e00000)
 Metaspace       used 83929K, committed 85824K, reserved 1179648K
  class space    used 8479K, committed 9408K, reserved 1048576K
}
Event: 1384.498 GC heap after
{Heap after GC invocations=1264 (full 5):
 PSYoungGen      total 20480K, used 3052K [0x00000000d5580000, 0x00000000d7380000, 0x0000000100000000)
  eden space 17408K, 0% used [0x00000000d5580000,0x00000000d5580000,0x00000000d6680000)
  from space 3072K, 99% used [0x00000000d6680000,0x00000000d697b240,0x00000000d6980000)
  to   space 6656K, 0% used [0x00000000d6d00000,0x00000000d6d00000,0x00000000d7380000)
 ParOldGen       total 604160K, used 247112K [0x0000000080000000, 0x00000000a4e00000, 0x00000000d5580000)
  object space 604160K, 40% used [0x0000000080000000,0x000000008f152240,0x00000000a4e00000)
 Metaspace       used 83929K, committed 85824K, reserved 1179648K
  class space    used 8479K, committed 9408K, reserved 1048576K
}

